[18:07:09] [main/INFO] (FabricLoader/GameProvider) Loading Minecraft 1.20.1 with Fabric Loader 0.16.9
[18:07:10] [main/INFO] (FabricLoader) Loading 4 mods:
	- fabricloader 0.16.9
	- java 21
	- minecraft 1.20.1
	- mixinextras 0.4.1
[18:07:10] [main/INFO] (FabricLoader/Mixin) SpongePowered MIXIN Subsystem Version=0.8.7 Source=file:/home/candy/.gradle/caches/modules-2/files-2.1/net.fabricmc/sponge-mixin/0.15.4+mixin.0.8.7/6a12aacc794f1078458433116e9ed42c1cc98096/sponge-mixin-0.15.4+mixin.0.8.7.jar Service=Knot/Fabric Env=CLIENT
[18:07:10] [main/INFO] (FabricLoader/Mixin) Loaded Fabric development mappings for mixin remapper!
[18:07:13] [Datafixer Bootstrap/INFO] (Minecraft) 188 Datafixer optimizations took 91 milliseconds
[18:07:14] [Render thread/INFO] (Minecraft) Environment: authHost='https://authserver.mojang.com', accountsHost='https://api.mojang.com', sessionHost='https://sessionserver.mojang.com', servicesHost='https://api.minecraftservices.com', name='PROD'
[18:07:14] [Render thread/ERROR] (Minecraft) Failed to verify authentication
com.mojang.authlib.exceptions.InvalidCredentialsException: Status: 401
	at com.mojang.authlib.exceptions.MinecraftClientHttpException.toAuthenticationException(MinecraftClientHttpException.java:56) ~[authlib-4.0.43.jar:?]
	at com.mojang.authlib.yggdrasil.YggdrasilUserApiService.fetchProperties(YggdrasilUserApiService.java:156) ~[authlib-4.0.43.jar:?]
	at com.mojang.authlib.yggdrasil.YggdrasilUserApiService.<init>(YggdrasilUserApiService.java:55) ~[authlib-4.0.43.jar:?]
	at com.mojang.authlib.yggdrasil.YggdrasilAuthenticationService.createUserApiService(YggdrasilAuthenticationService.java:124) ~[authlib-4.0.43.jar:?]
	at net.minecraft.client.Minecraft.createUserApiService(Minecraft.java:637) ~[minecraft-merged-3760f957dc-1.20.1-loom.mappings.1_20_1.layered+hash.40359-v2.jar:?]
	at net.minecraft.client.Minecraft.<init>(Minecraft.java:432) ~[minecraft-merged-3760f957dc-1.20.1-loom.mappings.1_20_1.layered+hash.40359-v2.jar:?]
	at net.minecraft.client.main.Main.main(Main.java:190) ~[minecraft-merged-3760f957dc-1.20.1-loom.mappings.1_20_1.layered+hash.40359-v2.jar:?]
	at net.fabricmc.loader.impl.game.minecraft.MinecraftGameProvider.launch(MinecraftGameProvider.java:480) ~[fabric-loader-0.16.9.jar:?]
	at net.fabricmc.loader.impl.launch.knot.Knot.launch(Knot.java:74) ~[fabric-loader-0.16.9.jar:?]
	at net.fabricmc.loader.impl.launch.knot.KnotClient.main(KnotClient.java:23) ~[fabric-loader-0.16.9.jar:?]
	at net.fabricmc.devlaunchinjector.Main.main(Main.java:86) ~[dev-launch-injector-0.2.1+build.8.jar:?]
Caused by: com.mojang.authlib.exceptions.MinecraftClientHttpException: Status: 401
	at com.mojang.authlib.minecraft.client.MinecraftClient.readInputStream(MinecraftClient.java:85) ~[authlib-4.0.43.jar:?]
	at com.mojang.authlib.minecraft.client.MinecraftClient.get(MinecraftClient.java:48) ~[authlib-4.0.43.jar:?]
	at com.mojang.authlib.yggdrasil.YggdrasilUserApiService.fetchProperties(YggdrasilUserApiService.java:129) ~[authlib-4.0.43.jar:?]
	... 9 more
[18:07:14] [Render thread/INFO] (Minecraft) Setting user: Player636
[18:07:14] [Render thread/INFO] (Minecraft) Backend library: LWJGL version 3.3.2-snapshot
[18:07:15] [Render thread/INFO] (Minecraft) [STDERR]: [LWJGL] [ThreadLocalUtil] Unsupported JNI version detected, this may result in a crash. Please inform LWJGL developers.
[18:07:15] [Render thread/INFO] (Minecraft) Reloading ResourceManager: vanilla
[18:07:15] [Worker-Main-6/INFO] (Minecraft) Found unifont_all_no_pua-15.0.06.hex, loading
[18:07:16] [Render thread/WARN] (Minecraft) Missing sound for event: minecraft:item.goat_horn.play
[18:07:16] [Render thread/WARN] (Minecraft) Missing sound for event: minecraft:entity.goat.screaming.horn_break
[18:07:16] [Render thread/INFO] (Minecraft) OpenAL initialized on device Family 17h (Models 10h-1fh) HD Audio Controller Analog Stereo
[18:07:16] [Render thread/INFO] (Minecraft) Sound engine started
[18:07:16] [Render thread/INFO] (Minecraft) Created: 1024x512x4 minecraft:textures/atlas/blocks.png-atlas
[18:07:17] [Render thread/INFO] (Minecraft) Created: 256x256x4 minecraft:textures/atlas/signs.png-atlas
[18:07:17] [Render thread/INFO] (Minecraft) Created: 512x512x4 minecraft:textures/atlas/banner_patterns.png-atlas
[18:07:17] [Render thread/INFO] (Minecraft) Created: 512x512x4 minecraft:textures/atlas/shield_patterns.png-atlas
[18:07:17] [Render thread/INFO] (Minecraft) Created: 1024x1024x4 minecraft:textures/atlas/armor_trims.png-atlas
[18:07:17] [Render thread/INFO] (Minecraft) Created: 128x64x4 minecraft:textures/atlas/decorated_pot.png-atlas
[18:07:17] [Render thread/INFO] (Minecraft) Created: 256x256x4 minecraft:textures/atlas/chest.png-atlas
[18:07:17] [Render thread/INFO] (Minecraft) Created: 512x256x4 minecraft:textures/atlas/shulker_boxes.png-atlas
[18:07:17] [Render thread/INFO] (Minecraft) Created: 512x256x4 minecraft:textures/atlas/beds.png-atlas
[18:07:17] [Render thread/WARN] (Minecraft) Shader rendertype_entity_translucent_emissive could not find sampler named Sampler2 in the specified shader program.
[18:07:17] [Render thread/INFO] (Minecraft) Created: 256x256x0 minecraft:textures/atlas/particles.png-atlas
[18:07:17] [Render thread/INFO] (Minecraft) Created: 256x256x0 minecraft:textures/atlas/paintings.png-atlas
[18:07:17] [Render thread/INFO] (Minecraft) Created: 128x128x0 minecraft:textures/atlas/mob_effects.png-atlas
[18:07:20] [Realms Notification Availability checker #1/INFO] (Minecraft) Could not authorize you against Realms server: Invalid session id
[18:07:37] [Render thread/INFO] (Minecraft) Loaded 7 recipes
[18:07:37] [Render thread/INFO] (Minecraft) Loaded 1271 advancements
[18:07:56] [Server thread/INFO] (Minecraft) Starting integrated minecraft server version 1.20.1
[18:07:56] [Server thread/INFO] (Minecraft) Generating keypair
[18:07:57] [Server thread/INFO] (Minecraft) Preparing start region for dimension minecraft:overworld
[18:07:57] [Render thread/INFO] (Minecraft) Preparing spawn area: 0%
[18:07:57] [Render thread/INFO] (Minecraft) Preparing spawn area: 0%
[18:07:58] [Render thread/INFO] (Minecraft) Preparing spawn area: 14%
[18:07:58] [Render thread/INFO] (Minecraft) Preparing spawn area: 59%
[18:07:59] [Render thread/INFO] (Minecraft) Time elapsed: 1994 ms
[18:07:59] [Server thread/INFO] (Minecraft) Changing view distance to 12, from 10
[18:07:59] [Server thread/INFO] (Minecraft) Changing simulation distance to 12, from 0
[18:07:59] [Server thread/INFO] (Minecraft) Player636[local:E:b1edff81] logged in with entity id 6 at (4.5, -60.0, 2.5)
[18:07:59] [Server thread/INFO] (Minecraft) Player636 joined the game
[18:08:00] [Render thread/INFO] (Minecraft) Loaded 2 advancements
[18:08:22] [Server thread/INFO] (Minecraft) Saving and pausing game...
[18:08:23] [Server thread/INFO] (Minecraft) Saving chunks for level 'ServerLevel[New World]'/minecraft:overworld
[18:08:23] [Server thread/INFO] (Minecraft) Saving chunks for level 'ServerLevel[New World]'/minecraft:the_nether
[18:08:23] [Server thread/INFO] (Minecraft) Saving chunks for level 'ServerLevel[New World]'/minecraft:the_end
[18:08:23] [Server thread/INFO] (Minecraft) Player636 lost connection: Disconnected
[18:08:23] [Server thread/INFO] (Minecraft) Player636 left the game
[18:08:23] [Server thread/INFO] (Minecraft) Stopping singleplayer server as player logged out
[18:08:23] [Server thread/INFO] (Minecraft) Stopping server
[18:08:23] [Server thread/INFO] (Minecraft) Saving players
[18:08:23] [Server thread/INFO] (Minecraft) Saving worlds
[18:08:24] [Server thread/INFO] (Minecraft) Saving chunks for level 'ServerLevel[New World]'/minecraft:overworld
[18:08:24] [Server thread/INFO] (Minecraft) Saving chunks for level 'ServerLevel[New World]'/minecraft:the_nether
[18:08:24] [Server thread/INFO] (Minecraft) Saving chunks for level 'ServerLevel[New World]'/minecraft:the_end
[18:08:24] [Server thread/INFO] (Minecraft) ThreadedAnvilChunkStorage (New World): All chunks are saved
[18:08:24] [Server thread/INFO] (Minecraft) ThreadedAnvilChunkStorage (DIM-1): All chunks are saved
[18:08:24] [Server thread/INFO] (Minecraft) ThreadedAnvilChunkStorage (DIM1): All chunks are saved
[18:08:24] [Server thread/INFO] (Minecraft) ThreadedAnvilChunkStorage: All dimensions are saved
[18:08:24] [Render thread/INFO] (Minecraft) Stopping!
